
  You can now view your Streamlit app in your browser.

  Local URL: http://localhost:8504
  Network URL: http://198.18.0.1:8504

  For better performance, install the Watchdog module:

  $ xcode-select --install
  $ pip install watchdog
            
2025-04-16 14:27:27.000 Examining the path of torch.classes raised:
Traceback (most recent call last):
  File "/Users/apple/.pyenv/versions/myenv-3.13/lib/python3.13/site-packages/streamlit/web/bootstrap.py", line 347, in run
    if asyncio.get_running_loop().is_running():
       ~~~~~~~~~~~~~~~~~~~~~~~~^^
RuntimeError: no running event loop

During handling of the above exception, another exception occurred:

Traceback (most recent call last):
  File "/Users/apple/.pyenv/versions/myenv-3.13/lib/python3.13/site-packages/streamlit/watcher/local_sources_watcher.py", line 217, in get_module_paths
    potential_paths = extract_paths(module)
  File "/Users/apple/.pyenv/versions/myenv-3.13/lib/python3.13/site-packages/streamlit/watcher/local_sources_watcher.py", line 210, in <lambda>
    lambda m: list(m.__path__._path),
                   ^^^^^^^^^^^^^^^^
  File "/Users/apple/.pyenv/versions/myenv-3.13/lib/python3.13/site-packages/torch/_classes.py", line 13, in __getattr__
    proxy = torch._C._get_custom_class_python_wrapper(self.name, attr)
RuntimeError: Tried to instantiate class '__path__._path', but it does not exist! Ensure that it is registered via torch::class_
  Stopping...
